<?xml version="1.0" encoding="UTF-8"?>
<testsuite xmlns:xsi="http://www.w3.org/2001/XMLSchema-instance" xsi:noNamespaceSchemaLocation="https://maven.apache.org/surefire/maven-surefire-plugin/xsd/surefire-test-report.xsd" name="fr.uvsq.cprog.mvnjunit.FractionTest" time="0.081" tests="12" errors="0" skipped="0" failures="0">
  <properties>
    <property name="sun.desktop" value="windows"/>
    <property name="awt.toolkit" value="sun.awt.windows.WToolkit"/>
    <property name="file.encoding.pkg" value="sun.io"/>
    <property name="java.specification.version" value="1.8"/>
    <property name="sun.cpu.isalist" value="amd64"/>
    <property name="sun.jnu.encoding" value="Cp1252"/>
    <property name="java.class.path" value="D:\Intellig Idea Projects\TD2\mvnjunit-uvsq22107265\target\test-classes;D:\Intellig Idea Projects\TD2\mvnjunit-uvsq22107265\target\classes;C:\Users\djillali\.m2\repository\junit\junit\4.11\junit-4.11.jar;C:\Users\djillali\.m2\repository\org\hamcrest\hamcrest-core\1.3\hamcrest-core-1.3.jar;C:\Users\djillali\.m2\repository\org\slf4j\slf4j-simple\1.7.5\slf4j-simple-1.7.5.jar;C:\Users\djillali\.m2\repository\org\slf4j\slf4j-api\1.7.5\slf4j-api-1.7.5.jar;"/>
    <property name="java.vm.vendor" value="Oracle Corporation"/>
    <property name="sun.arch.data.model" value="64"/>
    <property name="user.variant" value=""/>
    <property name="java.vendor.url" value="http://java.oracle.com/"/>
    <property name="user.timezone" value="Europe/Paris"/>
    <property name="user.country.format" value="FR"/>
    <property name="java.vm.specification.version" value="1.8"/>
    <property name="os.name" value="Windows 10"/>
    <property name="user.country" value="US"/>
    <property name="sun.java.launcher" value="SUN_STANDARD"/>
    <property name="sun.boot.library.path" value="D:\Java\jdk1.8.0_261\jre\bin"/>
    <property name="sun.java.command" value="C:\Users\djillali\AppData\Local\Temp\surefire4573727609970546079\surefirebooter3447887364613601808.jar C:\Users\djillali\AppData\Local\Temp\surefire4573727609970546079 2021-10-24T13-04-00_033-jvmRun1 surefire9047899926433773471tmp surefire_01573778406117589111tmp"/>
    <property name="surefire.test.class.path" value="D:\Intellig Idea Projects\TD2\mvnjunit-uvsq22107265\target\test-classes;D:\Intellig Idea Projects\TD2\mvnjunit-uvsq22107265\target\classes;C:\Users\djillali\.m2\repository\junit\junit\4.11\junit-4.11.jar;C:\Users\djillali\.m2\repository\org\hamcrest\hamcrest-core\1.3\hamcrest-core-1.3.jar;C:\Users\djillali\.m2\repository\org\slf4j\slf4j-simple\1.7.5\slf4j-simple-1.7.5.jar;C:\Users\djillali\.m2\repository\org\slf4j\slf4j-api\1.7.5\slf4j-api-1.7.5.jar;"/>
    <property name="sun.cpu.endian" value="little"/>
    <property name="user.home" value="C:\Users\djillali"/>
    <property name="user.language" value="en"/>
    <property name="java.specification.vendor" value="Oracle Corporation"/>
    <property name="java.home" value="D:\Java\jdk1.8.0_261\jre"/>
    <property name="basedir" value="D:\Intellig Idea Projects\TD2\mvnjunit-uvsq22107265"/>
    <property name="file.separator" value="\"/>
    <property name="line.separator" value="&#10;"/>
    <property name="java.vm.specification.vendor" value="Oracle Corporation"/>
    <property name="java.specification.name" value="Java Platform API Specification"/>
    <property name="java.awt.graphicsenv" value="sun.awt.Win32GraphicsEnvironment"/>
    <property name="surefire.real.class.path" value="C:\Users\djillali\AppData\Local\Temp\surefire4573727609970546079\surefirebooter3447887364613601808.jar"/>
    <property name="sun.boot.class.path" value="D:\Java\jdk1.8.0_261\jre\lib\resources.jar;D:\Java\jdk1.8.0_261\jre\lib\rt.jar;D:\Java\jdk1.8.0_261\jre\lib\sunrsasign.jar;D:\Java\jdk1.8.0_261\jre\lib\jsse.jar;D:\Java\jdk1.8.0_261\jre\lib\jce.jar;D:\Java\jdk1.8.0_261\jre\lib\charsets.jar;D:\Java\jdk1.8.0_261\jre\lib\jfr.jar;D:\Java\jdk1.8.0_261\jre\classes"/>
    <property name="user.script" value=""/>
    <property name="sun.management.compiler" value="HotSpot 64-Bit Tiered Compilers"/>
    <property name="java.runtime.version" value="1.8.0_261-b12"/>
    <property name="user.name" value="djillali"/>
    <property name="path.separator" value=";"/>
    <property name="os.version" value="10.0"/>
    <property name="java.endorsed.dirs" value="D:\Java\jdk1.8.0_261\jre\lib\endorsed"/>
    <property name="java.runtime.name" value="Java(TM) SE Runtime Environment"/>
    <property name="file.encoding" value="Cp1252"/>
    <property name="java.vm.name" value="Java HotSpot(TM) 64-Bit Server VM"/>
    <property name="localRepository" value="C:\Users\djillali\.m2\repository"/>
    <property name="java.vendor.url.bug" value="http://bugreport.sun.com/bugreport/"/>
    <property name="java.io.tmpdir" value="C:\Users\djillali\AppData\Local\Temp\"/>
    <property name="java.version" value="1.8.0_261"/>
    <property name="user.dir" value="D:\Intellig Idea Projects\TD2\mvnjunit-uvsq22107265"/>
    <property name="os.arch" value="amd64"/>
    <property name="java.vm.specification.name" value="Java Virtual Machine Specification"/>
    <property name="java.awt.printerjob" value="sun.awt.windows.WPrinterJob"/>
    <property name="user.language.format" value="fr"/>
    <property name="sun.os.patch.level" value=""/>
    <property name="java.library.path" value="D:\Java\jdk1.8.0_261\jre\bin;C:\WINDOWS\Sun\Java\bin;C:\WINDOWS\system32;C:\WINDOWS;D:\Oracle\app\oracle\product\11.2.0\server\bin;C:\Program Files (x86)\Common Files\Intel\Shared Libraries\redist\intel64\compiler;C:\Program Files (x86)\Common Files\Oracle\Java\javapath;C:\ProgramData\Oracle\Java\javapath;C:\Program Files (x86)\Intel\iCLS Client\;C:\Program Files\Intel\iCLS Client\;C:\windows\system32;C:\windows;C:\windows\System32\Wbem;C:\windows\System32\WindowsPowerShell\v1.0\;C:\Program Files (x86)\Intel\Intel(R) Management Engine Components\DAL;C:\Program Files\Intel\Intel(R) Management Engine Components\DAL;C:\Program Files (x86)\Intel\Intel(R) Management Engine Components\IPT;C:\Program Files\Intel\Intel(R) Management Engine Components\IPT;C:\Program Files (x86)\NVIDIA Corporation\PhysX\Common;C:\FPC\3.0.0\bin\i386-Win32;C:\Program Files (x86)\Windows Kits\10\Windows Performance Toolkit\;C:\Program Files (x86)\GtkSharp\2.12\bin;C:\WINDOWS\system32;C:\WINDOWS;C:\WINDOWS\System32\Wbem;C:\WINDOWS\System32\WindowsPowerShell\v1.0\;C:\Users\djillali\.dnx\bin;C:\Program Files\Microsoft DNX\Dnvm\;C:\Program Files\Microsoft SQL Server\130\Tools\Binn\;C:\WINDOWS\System32\OpenSSH\;C:\Users\djillali\AppData\Local\Programs\Python\Python37-32;C:\ProgramData\ComposerSetup\bin;C:\Program Files\NVIDIA Corporation\NVIDIA NvDLISR;C:\Program Files\Git\cmd;C:\Program Files\Intel\WiFi\bin\;C:\Program Files\Common Files\Intel\WirelessCommon\;C:\WINDOWS\system32;C:\WINDOWS;C:\WINDOWS\System32\Wbem;C:\WINDOWS\System32\WindowsPowerShell\v1.0\;C:\WINDOWS\System32\OpenSSH\;C:\Program Files\nodejs\;C:\Wamp3.0\bin\php\php7.3.21;D:\Hadoop\hadoop-3.3.0\bin;D:\Java\jdk1.8.0_261\bin;D:\Java\jdk1.8.0_261\jre\bin;D:\Spark\spark-3.0.2-bin-hadoop3.2\bin;D:\Hadoop\apache-hive-3.1.2-bin\bin;D:\Hadoop\db-derby-10.14.2.0-bin\bin;D:\Hadoop\sqoop\bin;C:\Users\djillali\AppData\Local\atom\bin;C:\Users\djillali\AppData\Local\Microsoft\WindowsApps;C:\Users\djillali\AppData\Local\GitHubDesktop\bin;C:\Users\djillali\AppData\Roaming\Composer\vendor\bin;C:\ProgramData\ComposerSetup\bin;C:\Users\djillali\AppData\Local\Programs\Python\Python37-32\Scripts;C:\Users\djillali\flutter\bin;C:\Users\djillali\AppData\Roaming\npm;C:\Users\djillali\AppData\Local\Programs\Microsoft VS Code\bin;C:\Users\djillali\.dotnet\tools;C:\Users\djillali\AppData\Local\Microsoft\WindowsApps;C:\Users\djillali\AppData\Local\Android\Sdk\platform-tools;D:\apache-maven-3.8.3\bin;;."/>
    <property name="java.vm.info" value="mixed mode"/>
    <property name="java.vendor" value="Oracle Corporation"/>
    <property name="java.vm.version" value="25.261-b12"/>
    <property name="java.ext.dirs" value="D:\Java\jdk1.8.0_261\jre\lib\ext;C:\WINDOWS\Sun\Java\lib\ext"/>
    <property name="sun.io.unicode.encoding" value="UnicodeLittle"/>
    <property name="java.class.version" value="52.0"/>
  </properties>
  <testcase name="testcomparaisonegale" classname="fr.uvsq.cprog.mvnjunit.FractionTest" time="0.004"/>
  <testcase name="testdeuxiemeConstructeur" classname="fr.uvsq.cprog.mvnjunit.FractionTest" time="0"/>
  <testcase name="ZeroEquals0" classname="fr.uvsq.cprog.mvnjunit.FractionTest" time="0.004"/>
  <testcase name="testAddition" classname="fr.uvsq.cprog.mvnjunit.FractionTest" time="0"/>
  <testcase name="UNEquals1" classname="fr.uvsq.cprog.mvnjunit.FractionTest" time="0"/>
  <testcase name="testegalite" classname="fr.uvsq.cprog.mvnjunit.FractionTest" time="0"/>
  <testcase name="testcomparaisonsuperieure" classname="fr.uvsq.cprog.mvnjunit.FractionTest" time="0"/>
  <testcase name="testtroisiemeConstructeur" classname="fr.uvsq.cprog.mvnjunit.FractionTest" time="0"/>
  <testcase name="testcomparaison" classname="fr.uvsq.cprog.mvnjunit.FractionTest" time="0"/>
  <testcase name="testdenominateurnullConstructeur" classname="fr.uvsq.cprog.mvnjunit.FractionTest" time="0"/>
  <testcase name="testcomparaisoninferieur" classname="fr.uvsq.cprog.mvnjunit.FractionTest" time="0"/>
  <testcase name="testpremierConstructeur" classname="fr.uvsq.cprog.mvnjunit.FractionTest" time="0"/>
</testsuite>